SF:/Users/greg/Work/firedart/lib/auth/exceptions.dart
DA:6,5
DA:8,4
DA:10,2
DA:12,1
DA:13,2
DA:17,0
LF:6
LH:5
end_of_record
SF:/Users/greg/Work/firedart/lib/auth/user_gateway.dart
DA:13,2
DA:19,2
DA:24,0
DA:25,0
DA:27,1
DA:28,2
DA:29,3
DA:32,0
DA:33,0
DA:38,0
DA:39,0
DA:40,0
DA:41,0
DA:42,0
DA:46,1
DA:47,2
DA:50,1
DA:62,1
DA:64,0
DA:67,1
DA:69,1
DA:73,2
DA:78,2
DA:89,2
DA:90,2
DA:91,2
DA:92,2
DA:93,2
DA:94,2
DA:96,0
DA:97,0
DA:98,0
DA:99,0
DA:100,0
DA:101,0
DA:104,0
DA:105,0
LF:37
LH:19
end_of_record
SF:/Users/greg/Work/firedart/lib/auth/auth_gateway.dart
DA:16,2
DA:23,0
DA:25,0
DA:31,4
DA:33,2
DA:39,2
DA:41,1
DA:45,0
DA:47,0
DA:53,2
DA:58,2
DA:60,2
DA:63,2
DA:64,4
DA:65,2
DA:68,2
DA:82,2
DA:84,2
DA:87,2
DA:89,2
DA:93,4
DA:98,4
DA:99,2
DA:102,4
LF:24
LH:20
end_of_record
SF:/Users/greg/Work/firedart/lib/auth/client.dart
DA:9,0
DA:11,0
DA:13,0
DA:14,0
DA:15,0
DA:17,0
DA:18,0
DA:19,0
DA:20,0
DA:21,0
DA:25,0
DA:27,0
DA:28,0
DA:29,0
DA:30,0
DA:31,0
DA:32,0
DA:33,0
DA:44,2
DA:51,2
DA:53,6
DA:54,6
DA:55,4
DA:57,2
DA:58,10
DA:59,0
DA:60,0
DA:61,0
DA:65,4
DA:66,6
DA:67,4
DA:69,4
DA:77,2
DA:82,1
DA:84,1
DA:85,3
DA:86,2
DA:87,5
DA:88,2
LF:39
LH:18
end_of_record
SF:/Users/greg/Work/firedart/lib/auth/token_provider.dart
DA:17,2
DA:18,2
DA:20,3
DA:22,0
DA:24,6
DA:26,3
DA:28,2
DA:29,3
DA:31,4
DA:32,2
DA:33,6
DA:34,2
DA:36,4
DA:39,2
DA:40,4
DA:41,2
DA:42,2
DA:43,2
DA:44,4
DA:46,2
DA:49,2
DA:50,4
DA:51,2
DA:54,2
DA:55,4
DA:56,2
DA:57,2
DA:59,4
DA:63,2
DA:64,2
DA:65,4
DA:66,4
DA:67,6
DA:68,2
DA:69,2
DA:70,4
DA:73,2
DA:74,2
DA:75,4
DA:79,8
LF:40
LH:39
end_of_record
SF:/Users/greg/Work/firedart/lib/auth/firebase_auth.dart
DA:12,0
DA:14,0
DA:16,0
DA:20,0
DA:22,0
DA:37,2
DA:43,4
DA:44,2
DA:46,2
DA:47,2
DA:48,2
DA:53,4
DA:58,4
DA:60,2
DA:65,4
DA:67,2
DA:74,0
DA:80,0
DA:83,0
DA:88,6
DA:90,3
DA:92,1
DA:93,1
DA:94,2
DA:97,0
DA:98,0
DA:100,2
DA:101,4
DA:103,4
DA:105,3
DA:107,0
DA:109,0
DA:110,0
DA:112,0
DA:113,0
DA:115,3
DA:117,0
DA:118,0
DA:120,1
DA:121,2
DA:122,1
LF:41
LH:24
end_of_record
SF:/Users/greg/Work/firedart/lib/auth/token_store.dart
DA:4,6
DA:6,6
DA:8,6
DA:10,6
DA:12,4
DA:14,2
DA:16,6
DA:17,4
DA:18,4
DA:21,2
DA:22,4
DA:26,2
DA:27,2
DA:28,16
DA:29,2
DA:30,4
DA:33,2
DA:34,2
DA:35,2
DA:50,2
DA:53,2
DA:56,2
DA:66,2
DA:68,0
DA:69,0
DA:70,0
DA:71,0
DA:72,0
DA:73,0
DA:76,0
DA:77,0
DA:78,0
DA:79,0
DA:80,0
LF:34
LH:23
end_of_record
SF:/Users/greg/Work/firedart/lib/firestore/firestore.dart
DA:10,0
DA:15,0
DA:19,0
DA:23,0
DA:27,0
DA:29,0
DA:38,1
DA:44,1
DA:49,2
DA:52,0
DA:57,0
DA:61,0
DA:69,3
DA:71,1
DA:72,2
DA:74,1
DA:75,2
LF:17
LH:8
end_of_record
SF:/Users/greg/Work/firedart/lib/firestore/models.dart
DA:16,6
DA:18,5
DA:20,1
DA:21,3
DA:22,4
DA:25,1
DA:26,5
DA:27,1
DA:28,1
DA:31,1
DA:33,1
DA:34,3
DA:35,3
DA:37,0
DA:39,0
DA:42,1
DA:43,1
DA:44,2
DA:45,3
DA:50,1
DA:51,2
DA:52,4
DA:62,1
DA:65,1
DA:66,5
DA:67,0
DA:71,1
DA:83,4
DA:101,0
DA:102,0
DA:106,0
DA:108,1
DA:109,4
DA:111,1
DA:113,3
DA:115,4
DA:118,1
DA:119,4
DA:123,1
DA:126,1
DA:127,5
DA:128,0
DA:132,1
DA:133,4
DA:136,4
DA:138,0
DA:139,0
DA:141,4
DA:144,1
DA:146,1
DA:148,1
DA:149,2
DA:158,0
DA:161,0
DA:162,0
DA:166,1
DA:167,4
DA:171,1
DA:172,4
DA:175,4
DA:182,1
DA:184,6
DA:186,1
DA:187,7
DA:189,0
DA:191,0
DA:193,0
DA:194,0
DA:196,1
DA:197,3
DA:199,1
DA:200,3
DA:201,5
DA:204,0
DA:205,0
DA:212,1
DA:215,4
DA:217,0
DA:218,0
DA:221,2
DA:222,2
DA:223,2
DA:225,1
DA:228,1
DA:229,3
DA:230,3
DA:231,3
DA:233,0
DA:234,0
DA:241,3
DA:243,1
DA:244,2
DA:246,0
DA:247,0
DA:249,1
DA:250,2
DA:252,0
DA:253,0
DA:255,1
DA:256,2
DA:263,1
DA:266,1
DA:267,3
DA:268,1
DA:269,1
DA:275,1
DA:288,1
DA:292,1
DA:296,0
DA:300,1
DA:304,0
DA:308,0
DA:312,0
DA:316,0
DA:320,0
DA:332,0
DA:336,0
DA:337,0
DA:338,0
DA:341,0
DA:347,0
DA:348,0
DA:352,5
DA:354,1
DA:359,1
DA:362,0
DA:366,0
DA:369,0
DA:371,1
DA:373,1
DA:376,1
DA:380,1
DA:381,1
DA:385,2
DA:386,3
DA:387,3
DA:389,1
DA:394,2
DA:395,3
LF:139
LH:97
end_of_record
SF:/Users/greg/Work/firedart/lib/firestore/firestore_gateway.dart
DA:26,3
DA:28,2
DA:30,1
DA:34,1
DA:37,1
DA:39,2
DA:40,2
DA:42,1
DA:43,1
DA:44,1
DA:45,1
DA:47,2
DA:48,1
DA:49,2
DA:50,1
DA:51,1
DA:54,2
DA:56,2
DA:59,1
DA:60,1
DA:63,1
DA:65,1
DA:66,2
DA:69,1
DA:70,1
DA:73,3
DA:75,2
DA:78,0
DA:91,1
DA:97,1
DA:98,1
DA:99,1
DA:102,1
DA:107,1
DA:108,2
DA:109,3
DA:115,4
DA:118,4
DA:120,1
DA:122,1
DA:126,1
DA:127,2
DA:128,0
DA:131,1
DA:132,3
DA:135,3
DA:137,1
DA:138,2
DA:142,2
DA:144,1
DA:145,1
DA:149,1
DA:150,1
DA:152,1
DA:155,2
DA:156,3
DA:158,1
DA:161,1
DA:166,1
DA:167,4
DA:168,1
DA:170,1
DA:178,4
DA:180,1
DA:183,1
DA:187,1
DA:188,2
DA:192,2
DA:194,1
DA:197,1
DA:202,1
DA:204,1
DA:209,1
DA:210,6
DA:211,1
DA:214,4
DA:217,2
DA:218,1
DA:219,1
DA:223,2
DA:225,1
DA:226,2
DA:227,0
DA:230,1
DA:231,1
DA:234,1
DA:238,1
DA:239,1
DA:243,1
DA:244,1
DA:246,1
DA:249,2
DA:251,3
DA:253,1
DA:256,1
DA:262,1
DA:264,2
DA:269,2
DA:272,3
DA:273,4
DA:274,1
DA:277,0
DA:278,0
DA:279,0
DA:280,0
DA:284,0
DA:287,0
DA:292,0
DA:293,0
DA:294,0
DA:303,0
DA:306,0
DA:310,0
DA:311,0
DA:312,0
DA:318,0
DA:321,1
DA:322,2
DA:323,2
DA:324,1
DA:328,3
DA:332,1
DA:333,2
DA:334,1
DA:335,1
DA:342,2
DA:343,1
DA:348,1
DA:349,2
DA:352,1
DA:354,1
DA:355,2
DA:356,1
DA:357,1
DA:358,1
DA:359,2
DA:360,1
DA:361,5
DA:362,3
DA:364,0
DA:365,0
DA:367,3
DA:371,1
DA:373,1
DA:374,2
DA:375,1
DA:376,1
DA:377,1
DA:378,3
DA:379,3
LF:150
LH:130
end_of_record
SF:/Users/greg/Work/firedart/lib/generated/google/firestore/v1/write.pb.dart
DA:29,0
DA:38,0
DA:39,0
DA:45,0
DA:50,0
DA:56,0
DA:62,0
DA:68,0
DA:75,0
DA:77,0
DA:78,0
DA:86,0
DA:88,0
DA:91,0
DA:94,0
DA:97,0
DA:100,0
DA:103,0
DA:107,0
DA:109,0
DA:110,0
DA:112,0
DA:113,0
DA:116,0
DA:117,0
DA:121,0
DA:123,0
DA:124,0
DA:125,0
DA:126,0
DA:127,0
DA:128,0
DA:130,0
DA:133,0
DA:134,0
DA:136,0
DA:137,0
DA:138,0
DA:140,0
DA:143,0
DA:144,0
DA:145,0
DA:146,0
DA:147,0
DA:148,0
DA:150,0
DA:151,0
DA:152,0
DA:154,0
DA:157,0
DA:158,0
DA:159,0
DA:160,0
DA:162,0
DA:163,0
DA:164,0
DA:166,0
DA:169,0
DA:170,0
DA:171,0
DA:172,0
DA:173,0
DA:174,0
DA:176,0
DA:177,0
DA:178,0
DA:180,0
DA:183,0
DA:184,0
DA:185,0
DA:186,0
DA:187,0
DA:188,0
DA:190,0
DA:191,0
DA:192,0
DA:194,0
DA:197,0
DA:198,0
DA:199,0
DA:200,0
DA:201,0
DA:202,0
DA:204,0
DA:206,0
DA:231,0
DA:240,0
DA:241,0
DA:246,0
DA:256,0
DA:262,0
DA:268,0
DA:274,0
DA:280,0
DA:286,0
DA:288,0
DA:289,0
DA:298,0
DA:300,0
DA:303,0
DA:306,0
DA:309,0
DA:312,0
DA:315,0
DA:318,0
DA:322,0
DA:324,0
DA:325,0
DA:327,0
DA:328,0
DA:332,0
DA:333,0
DA:338,0
DA:339,0
DA:341,0
DA:342,0
DA:344,0
DA:345,0
DA:346,0
DA:347,0
DA:348,0
DA:350,0
DA:354,0
DA:355,0
DA:356,0
DA:358,0
DA:359,0
DA:360,0
DA:362,0
DA:365,0
DA:366,0
DA:367,0
DA:368,0
DA:370,0
DA:372,0
DA:373,0
DA:375,0
DA:378,0
DA:379,0
DA:380,0
DA:381,0
DA:383,0
DA:384,0
DA:385,0
DA:387,0
DA:390,0
DA:391,0
DA:392,0
DA:393,0
DA:394,0
DA:395,0
DA:397,0
DA:398,0
DA:399,0
DA:401,0
DA:404,0
DA:405,0
DA:406,0
DA:407,0
DA:408,0
DA:409,0
DA:411,0
DA:412,0
DA:413,0
DA:415,0
DA:418,0
DA:419,0
DA:420,0
DA:421,0
DA:422,0
DA:423,0
DA:425,0
DA:426,0
DA:427,0
DA:429,0
DA:432,0
DA:433,0
DA:434,0
DA:435,0
DA:436,0
DA:437,0
DA:439,0
DA:440,0
DA:441,0
DA:443,0
DA:446,0
DA:447,0
DA:448,0
DA:449,0
DA:450,0
DA:451,0
DA:455,0
DA:464,0
DA:469,0
DA:476,0
DA:478,0
DA:479,0
DA:483,0
DA:485,0
DA:488,0
DA:492,0
DA:494,0
DA:495,0
DA:497,0
DA:498,0
DA:501,0
DA:502,0
DA:506,0
DA:508,0
DA:509,0
DA:510,0
DA:511,0
DA:512,0
DA:513,0
DA:514,0
DA:516,0
DA:519,0
DA:520,0
DA:521,0
DA:523,0
DA:526,0
DA:527,0
DA:528,0
DA:529,0
DA:531,0
DA:533,0
DA:537,0
DA:546,0
DA:552,0
DA:559,0
DA:561,0
DA:562,0
DA:566,0
DA:568,0
DA:571,0
DA:575,0
DA:577,0
DA:578,0
DA:580,0
DA:581,0
DA:584,0
DA:585,0
DA:589,0
DA:591,0
DA:592,0
DA:593,0
DA:594,0
DA:595,0
DA:596,0
DA:598,0
DA:601,0
DA:602,0
DA:603,0
DA:605,0
DA:608,0
DA:609,0
DA:610,0
DA:611,0
DA:612,0
DA:613,0
DA:615,0
DA:616,0
DA:620,3
DA:629,1
DA:635,1
DA:641,1
DA:647,1
DA:649,2
DA:650,0
DA:655,0
DA:657,0
DA:660,0
DA:663,0
DA:667,0
DA:669,0
DA:670,0
DA:672,0
DA:673,0
DA:676,0
DA:677,0
DA:681,0
DA:683,2
DA:684,1
DA:685,1
DA:686,0
DA:687,0
DA:688,0
DA:689,0
DA:691,0
DA:694,1
DA:695,1
DA:696,0
DA:698,0
DA:701,0
DA:702,0
DA:703,0
DA:704,0
DA:705,0
DA:706,0
DA:708,0
DA:709,0
DA:711,0
DA:712,0
DA:716,0
DA:725,0
DA:730,0
DA:736,0
DA:742,0
DA:744,0
DA:745,0
DA:750,0
DA:752,0
DA:755,0
DA:758,0
DA:762,0
DA:764,0
DA:765,0
DA:767,0
DA:768,0
DA:771,0
DA:772,0
DA:776,0
DA:778,0
DA:779,0
DA:780,0
DA:781,0
DA:782,0
DA:783,0
DA:784,0
DA:786,0
DA:789,0
DA:790,0
DA:791,0
DA:793,0
DA:796,0
DA:797,0
DA:798,0
DA:799,0
DA:801,0
DA:802,0
DA:803,0
DA:805,0
DA:808,0
DA:809,0
DA:810,0
DA:811,0
DA:812,0
DA:813,0
DA:815,0
DA:816,0
DA:820,0
DA:829,0
DA:834,0
DA:840,0
DA:846,0
DA:848,0
DA:849,0
DA:854,0
DA:856,0
DA:859,0
DA:862,0
DA:866,0
DA:868,0
DA:869,0
DA:871,0
DA:872,0
DA:875,0
DA:876,0
DA:880,0
DA:882,0
DA:883,0
DA:884,0
DA:885,0
DA:886,0
DA:887,0
DA:888,0
DA:890,0
DA:893,0
DA:894,0
DA:895,0
DA:897,0
DA:900,0
DA:901,0
DA:902,0
DA:903,0
DA:905,0
DA:906,0
DA:908,0
DA:909,0
DA:910,0
DA:912,0
DA:915,0
DA:916,0
DA:917,0
DA:918,0
DA:919,0
DA:920,0
DA:924,0
DA:933,0
DA:939,0
DA:945,0
DA:947,0
DA:948,0
DA:952,0
DA:954,0
DA:957,0
DA:961,0
DA:963,0
DA:964,0
DA:966,0
DA:967,0
DA:970,0
DA:971,0
DA:975,0
DA:977,0
DA:978,0
DA:979,0
DA:980,0
DA:981,0
DA:982,0
DA:983,0
DA:985,0
DA:988,0
DA:989,0
DA:990,0
DA:992,0
DA:995,0
DA:996,0
DA:997,0
DA:998,0
DA:1000,0
DA:1001,0
DA:1002,0
DA:1004,0
DA:1007,0
DA:1008,0
DA:1009,0
DA:1010,0
LF:438
LH:11
end_of_record
SF:/Users/greg/Work/firedart/lib/generated/google/firestore/v1/common.pb.dart
DA:15,3
DA:24,1
DA:29,1
DA:31,2
DA:32,1
DA:35,1
DA:37,0
DA:41,0
DA:43,0
DA:44,0
DA:46,0
DA:47,0
DA:50,0
DA:51,0
DA:55,0
DA:57,2
DA:58,1
DA:59,1
DA:60,0
DA:61,0
DA:62,0
DA:63,0
DA:65,0
DA:68,1
DA:69,1
DA:81,0
DA:90,0
DA:91,0
DA:96,0
DA:102,0
DA:104,0
DA:105,0
DA:109,0
DA:111,0
DA:114,0
DA:118,0
DA:120,0
DA:121,0
DA:123,0
DA:124,0
DA:127,0
DA:128,0
DA:132,0
DA:134,0
DA:135,0
DA:136,0
DA:137,0
DA:138,0
DA:139,0
DA:140,0
DA:142,0
DA:145,0
DA:146,0
DA:147,0
DA:149,0
DA:150,0
DA:151,0
DA:153,0
DA:156,0
DA:157,0
DA:158,0
DA:159,0
DA:161,0
DA:162,0
DA:163,0
DA:165,0
DA:168,0
DA:169,0
DA:170,0
DA:171,0
DA:172,0
DA:173,0
DA:177,0
DA:186,0
DA:192,0
DA:194,0
DA:195,0
DA:198,0
DA:200,0
DA:204,0
DA:206,0
DA:207,0
DA:209,0
DA:210,0
DA:214,0
DA:215,0
DA:220,0
DA:221,0
DA:223,0
DA:224,0
DA:226,0
DA:227,0
DA:228,0
DA:229,0
DA:230,0
DA:232,0
DA:235,0
DA:236,0
DA:237,0
DA:239,0
DA:242,0
DA:243,0
DA:244,0
DA:245,0
DA:257,0
DA:266,0
DA:267,0
DA:273,0
DA:275,0
DA:276,0
DA:279,0
DA:281,0
DA:285,0
DA:287,0
DA:288,0
DA:290,0
DA:291,0
DA:295,0
DA:296,0
DA:301,0
DA:302,0
DA:304,0
DA:305,0
DA:307,0
DA:308,0
DA:309,0
DA:310,0
DA:311,0
DA:313,0
DA:316,0
DA:317,0
DA:318,0
DA:320,0
DA:321,0
DA:322,0
DA:324,0
DA:327,0
DA:328,0
DA:329,0
DA:330,0
DA:331,0
DA:332,0
DA:344,0
DA:353,0
DA:354,0
DA:360,0
DA:366,0
DA:368,0
DA:369,0
DA:373,0
DA:375,0
DA:378,0
DA:382,0
DA:384,0
DA:385,0
DA:387,0
DA:388,0
DA:391,0
DA:392,0
DA:396,0
DA:398,0
DA:399,0
DA:400,0
DA:401,0
DA:402,0
DA:403,0
DA:404,0
DA:406,0
DA:409,0
DA:410,0
DA:411,0
DA:413,0
DA:414,0
DA:415,0
DA:417,0
DA:420,0
DA:421,0
DA:422,0
DA:423,0
DA:424,0
DA:425,0
DA:427,0
DA:428,0
DA:429,0
DA:431,0
DA:434,0
DA:435,0
DA:436,0
DA:437,0
DA:438,0
DA:439,0
LF:191
LH:11
end_of_record
SF:/Users/greg/Work/firedart/lib/generated/google/firestore/v1/document.pb.dart
DA:19,3
DA:28,1
DA:33,1
DA:43,1
DA:49,1
DA:55,1
DA:57,2
DA:58,1
DA:64,1
DA:66,0
DA:69,0
DA:72,0
DA:75,0
DA:79,1
DA:81,2
DA:82,0
DA:84,0
DA:85,0
DA:88,0
DA:89,0
DA:93,0
DA:95,2
DA:96,1
DA:97,1
DA:98,0
DA:99,0
DA:100,0
DA:102,0
DA:105,1
DA:106,1
DA:107,1
DA:109,1
DA:112,0
DA:113,0
DA:114,0
DA:115,0
DA:117,1
DA:118,1
DA:120,0
DA:121,0
DA:122,0
DA:124,0
DA:127,0
DA:128,0
DA:129,0
DA:130,0
DA:131,0
DA:132,0
DA:134,0
DA:135,0
DA:136,0
DA:138,0
DA:141,0
DA:142,0
DA:143,0
DA:144,0
DA:145,0
DA:146,0
DA:179,3
DA:188,2
DA:189,1
DA:194,1
DA:199,1
DA:205,1
DA:210,1
DA:216,1
DA:222,1
DA:228,1
DA:234,1
DA:243,1
DA:248,1
DA:254,1
DA:256,2
DA:257,1
DA:270,1
DA:272,0
DA:275,0
DA:278,0
DA:281,0
DA:284,0
DA:287,0
DA:290,0
DA:293,0
DA:296,0
DA:299,0
DA:302,0
DA:306,0
DA:308,0
DA:309,0
DA:311,0
DA:312,0
DA:315,0
DA:316,0
DA:320,0
DA:322,2
DA:323,1
DA:324,1
DA:325,0
DA:326,0
DA:327,0
DA:329,0
DA:332,3
DA:333,0
DA:335,1
DA:336,1
DA:337,1
DA:339,1
DA:342,0
DA:343,0
DA:344,0
DA:345,0
DA:347,1
DA:348,1
DA:349,1
DA:351,1
DA:354,0
DA:355,0
DA:356,0
DA:357,0
DA:359,1
DA:360,1
DA:361,1
DA:363,1
DA:366,0
DA:367,0
DA:368,0
DA:369,0
DA:371,1
DA:372,1
DA:373,1
DA:375,1
DA:378,0
DA:379,0
DA:380,0
DA:381,0
DA:383,1
DA:384,1
DA:385,1
DA:387,1
DA:390,0
DA:391,0
DA:392,0
DA:393,0
DA:394,0
DA:395,0
DA:397,1
DA:398,1
DA:399,1
DA:401,1
DA:404,0
DA:405,0
DA:406,0
DA:407,0
DA:408,0
DA:409,0
DA:411,1
DA:412,1
DA:413,1
DA:415,1
DA:418,0
DA:419,0
DA:420,0
DA:421,0
DA:422,0
DA:423,0
DA:425,1
DA:426,1
DA:427,1
DA:429,1
DA:432,0
DA:433,0
DA:434,0
DA:435,0
DA:436,0
DA:437,0
DA:439,0
DA:440,0
DA:441,1
DA:443,1
DA:446,0
DA:447,0
DA:448,0
DA:449,0
DA:451,1
DA:452,1
DA:453,1
DA:455,1
DA:458,0
DA:459,0
DA:460,0
DA:461,0
DA:463,0
DA:464,0
DA:465,0
DA:467,0
DA:470,0
DA:471,0
DA:472,0
DA:473,0
DA:477,3
DA:486,1
DA:493,1
DA:495,2
DA:496,1
DA:499,1
DA:501,0
DA:505,0
DA:507,0
DA:508,0
DA:510,0
DA:511,0
DA:514,0
DA:515,0
DA:519,0
DA:521,2
DA:522,1
DA:523,1
DA:524,0
DA:525,0
DA:526,0
DA:528,0
DA:531,1
DA:532,1
DA:536,3
DA:545,1
DA:555,1
DA:557,2
DA:558,1
DA:561,1
DA:563,0
DA:567,0
DA:569,0
DA:570,0
DA:572,0
DA:573,0
DA:576,0
DA:577,0
DA:581,0
DA:583,2
DA:584,1
DA:585,1
DA:586,0
DA:587,0
DA:588,0
DA:590,0
DA:593,1
DA:594,1
LF:247
LH:101
end_of_record
SF:/Users/greg/Work/firedart/lib/generated/google/firestore/v1/firestore.pbgrpc.dart
DA:19,2
DA:20,1
DA:22,2
DA:23,2
DA:24,2
DA:25,1
DA:27,2
DA:28,1
DA:29,1
DA:30,2
DA:31,1
DA:33,2
DA:34,2
DA:35,2
DA:36,1
DA:38,2
DA:39,2
DA:40,0
DA:43,0
DA:44,0
DA:45,0
DA:46,0
DA:49,0
DA:50,0
DA:51,0
DA:52,0
DA:53,0
DA:55,0
DA:56,0
DA:57,0
DA:59,0
DA:60,0
DA:61,2
DA:62,1
DA:64,2
DA:65,1
DA:66,1
DA:67,0
DA:68,0
DA:70,0
DA:71,0
DA:72,0
DA:73,0
DA:75,0
DA:76,0
DA:77,2
DA:78,1
DA:80,2
DA:81,2
DA:82,0
DA:85,0
DA:86,0
DA:87,0
DA:88,0
DA:89,0
DA:91,0
DA:92,0
DA:93,0
DA:94,2
DA:95,1
DA:97,2
DA:98,2
DA:100,1
DA:103,1
DA:105,1
DA:107,2
DA:110,1
DA:113,2
DA:116,1
DA:119,2
DA:122,1
DA:125,2
DA:128,0
DA:131,0
DA:132,0
DA:136,0
DA:139,0
DA:142,0
DA:144,0
DA:147,0
DA:149,0
DA:152,1
DA:154,1
DA:155,3
DA:159,0
DA:162,0
DA:165,0
DA:168,0
DA:171,1
DA:174,2
DA:177,0
DA:180,0
DA:183,0
DA:186,0
DA:189,1
DA:192,2
DA:197,0
DA:199,0
DA:200,0
DA:202,0
DA:205,0
DA:206,0
DA:207,0
DA:208,0
DA:209,0
DA:211,0
DA:214,0
DA:215,0
DA:216,0
DA:217,0
DA:219,0
DA:222,0
DA:223,0
DA:224,0
DA:225,0
DA:227,0
DA:230,0
DA:231,0
DA:232,0
DA:233,0
DA:236,0
DA:239,0
DA:240,0
DA:241,0
DA:242,0
DA:245,0
DA:248,0
DA:249,0
DA:250,0
DA:251,0
DA:253,0
DA:256,0
DA:257,0
DA:258,0
DA:260,0
DA:263,0
DA:264,0
DA:265,0
DA:267,0
DA:270,0
DA:271,0
DA:272,0
DA:275,0
DA:278,0
DA:279,0
DA:280,0
DA:281,0
DA:283,0
DA:286,0
DA:287,0
DA:288,0
DA:290,0
DA:293,0
DA:294,0
DA:295,0
DA:298,0
DA:301,0
DA:302,0
DA:303,0
DA:304,0
DA:306,0
DA:309,0
DA:310,0
DA:311,0
DA:313,0
DA:316,0
DA:317,0
DA:318,0
DA:321,0
DA:323,0
DA:326,0
DA:329,0
DA:332,0
DA:334,0
DA:337,0
DA:339,0
DA:342,0
DA:345,0
DA:348,0
DA:351,0
DA:354,0
DA:356,0
DA:359,0
DA:361,0
DA:364,0
DA:366,0
DA:369,0
DA:372,0
DA:375,0
DA:378,0
DA:381,0
DA:383,0
DA:386,0
DA:388,0
LF:194
LH:47
end_of_record
SF:/Users/greg/Work/firedart/lib/generated/google/firestore/v1/query.pb.dart
DA:20,3
DA:29,1
DA:34,1
DA:39,1
DA:41,2
DA:42,1
DA:46,1
DA:48,1
DA:51,0
DA:55,0
DA:57,0
DA:58,0
DA:60,0
DA:61,0
DA:65,0
DA:66,0
DA:71,0
DA:72,0
DA:74,2
DA:75,1
DA:77,1
DA:78,0
DA:79,0
DA:80,0
DA:81,0
DA:83,0
DA:87,0
DA:88,0
DA:89,1
DA:91,1
DA:94,0
DA:95,0
DA:96,0
DA:97,0
DA:99,0
DA:100,0
DA:101,0
DA:103,0
DA:106,0
DA:107,0
DA:108,0
DA:109,0
DA:127,3
DA:136,2
DA:137,1
DA:143,1
DA:149,1
DA:155,1
DA:157,2
DA:158,1
DA:163,1
DA:165,1
DA:168,0
DA:171,0
DA:175,0
DA:177,0
DA:178,0
DA:180,0
DA:181,0
DA:185,0
DA:186,0
DA:191,0
DA:193,2
DA:194,1
DA:195,1
DA:196,0
DA:197,0
DA:198,0
DA:199,0
DA:201,0
DA:204,0
DA:205,0
DA:206,0
DA:208,1
DA:209,1
DA:210,1
DA:212,1
DA:215,1
DA:216,1
DA:217,0
DA:218,0
DA:219,0
DA:220,0
DA:222,0
DA:223,0
DA:224,1
DA:226,1
DA:229,0
DA:230,0
DA:231,0
DA:232,0
DA:233,0
DA:234,0
DA:236,0
DA:237,0
DA:238,0
DA:240,0
DA:243,0
DA:244,0
DA:245,0
DA:246,0
DA:247,0
DA:248,0
DA:252,3
DA:261,1
DA:271,1
DA:278,1
DA:280,2
DA:281,1
DA:285,1
DA:287,1
DA:290,0
DA:294,0
DA:296,0
DA:297,0
DA:299,0
DA:300,0
DA:304,0
DA:305,0
DA:310,0
DA:311,0
DA:313,2
DA:314,1
DA:316,1
DA:317,0
DA:318,0
DA:319,0
DA:320,0
DA:322,0
DA:326,0
DA:327,0
DA:328,1
DA:330,1
DA:333,0
DA:334,0
DA:335,0
DA:336,0
DA:338,1
DA:339,1
DA:343,3
DA:352,1
DA:358,1
DA:368,1
DA:374,1
DA:376,2
DA:377,1
DA:382,1
DA:384,0
DA:387,1
DA:390,1
DA:394,0
DA:396,0
DA:397,0
DA:399,0
DA:400,0
DA:404,0
DA:405,0
DA:410,0
DA:411,0
DA:413,2
DA:414,1
DA:416,1
DA:417,0
DA:418,0
DA:419,0
DA:420,0
DA:422,0
DA:425,0
DA:426,0
DA:427,1
DA:429,1
DA:432,0
DA:433,0
DA:434,0
DA:435,0
DA:436,0
DA:437,0
DA:439,0
DA:440,0
DA:441,1
DA:443,1
DA:446,0
DA:447,0
DA:448,0
DA:449,0
DA:451,0
DA:452,0
DA:453,1
DA:455,1
DA:458,0
DA:459,0
DA:460,0
DA:461,0
DA:462,0
DA:463,0
DA:474,0
DA:483,0
DA:484,0
DA:494,0
DA:500,0
DA:502,0
DA:503,0
DA:507,0
DA:509,0
DA:512,0
DA:516,0
DA:518,0
DA:519,0
DA:521,0
DA:522,0
DA:526,0
DA:527,0
DA:532,0
DA:533,0
DA:535,0
DA:536,0
DA:538,0
DA:539,0
DA:540,0
DA:541,0
DA:542,0
DA:544,0
DA:547,0
DA:548,0
DA:549,0
DA:551,0
DA:552,0
DA:553,0
DA:555,0
DA:558,0
DA:559,0
DA:560,0
DA:561,0
DA:563,0
DA:564,0
DA:565,0
DA:567,0
DA:570,0
DA:571,0
DA:572,0
DA:573,0
DA:574,0
DA:575,0
DA:579,0
DA:588,0
DA:594,0
DA:603,0
DA:605,0
DA:606,0
DA:610,0
DA:612,0
DA:615,0
DA:619,0
DA:621,0
DA:622,0
DA:624,0
DA:625,0
DA:629,0
DA:630,0
DA:635,0
DA:637,0
DA:638,0
DA:639,0
DA:640,0
DA:641,0
DA:642,0
DA:643,0
DA:645,0
DA:648,0
DA:649,0
DA:650,0
DA:652,0
DA:655,0
DA:656,0
DA:657,0
DA:658,0
DA:659,0
DA:660,0
DA:662,0
DA:663,0
DA:664,0
DA:666,0
DA:669,0
DA:670,0
DA:671,0
DA:672,0
DA:676,3
DA:685,1
DA:690,1
DA:692,2
DA:693,1
DA:696,1
DA:698,1
DA:702,0
DA:704,0
DA:705,0
DA:707,0
DA:708,0
DA:712,0
DA:713,0
DA:718,0
DA:719,0
DA:721,2
DA:722,1
DA:724,1
DA:725,0
DA:726,0
DA:727,0
DA:728,0
DA:730,0
DA:733,0
DA:734,0
DA:735,1
DA:737,1
DA:740,0
DA:741,0
DA:742,0
DA:743,0
DA:747,0
DA:756,0
DA:763,0
DA:765,0
DA:766,0
DA:769,0
DA:771,0
DA:775,0
DA:777,0
DA:778,0
DA:780,0
DA:781,0
DA:785,0
DA:786,0
DA:791,0
DA:792,0
DA:794,0
DA:795,0
DA:796,0
DA:797,0
DA:798,0
DA:799,0
DA:800,0
DA:802,0
DA:805,0
DA:806,0
DA:810,3
DA:819,1
DA:825,1
DA:832,1
DA:838,1
DA:845,1
DA:851,1
DA:857,1
DA:863,1
DA:869,1
DA:871,2
DA:872,1
DA:882,1
DA:884,0
DA:887,0
DA:890,0
DA:893,0
DA:896,0
DA:899,0
DA:902,0
DA:905,0
DA:909,0
DA:911,0
DA:912,0
DA:914,0
DA:915,0
DA:918,0
DA:919,0
DA:923,0
DA:925,2
DA:926,1
DA:927,1
DA:928,0
DA:929,0
DA:930,0
DA:931,0
DA:933,0
DA:936,0
DA:937,0
DA:938,0
DA:940,0
DA:943,0
DA:944,0
DA:945,0
DA:946,0
DA:947,0
DA:948,0
DA:950,1
DA:951,1
DA:953,1
DA:954,1
DA:955,1
DA:957,1
DA:960,1
DA:961,1
DA:962,0
DA:963,0
DA:964,0
DA:965,0
DA:967,0
DA:968,0
DA:970,0
DA:971,0
DA:972,0
DA:974,0
DA:977,0
DA:978,0
DA:979,0
DA:980,0
DA:981,0
DA:982,0
DA:984,0
DA:985,0
DA:986,0
DA:988,0
DA:991,0
DA:992,0
DA:993,0
DA:994,0
DA:996,0
DA:997,0
DA:998,0
DA:1000,0
DA:1003,0
DA:1004,0
DA:1005,0
DA:1006,0
DA:1007,0
DA:1008,0
DA:1010,0
DA:1011,0
DA:1012,0
DA:1014,0
DA:1017,0
DA:1018,0
DA:1019,0
DA:1020,0
DA:1021,0
DA:1022,0
DA:1026,0
DA:1035,0
DA:1042,0
DA:1047,0
DA:1049,0
DA:1050,0
DA:1054,0
DA:1056,0
DA:1059,0
DA:1063,0
DA:1065,0
DA:1066,0
DA:1068,0
DA:1069,0
DA:1072,0
DA:1073,0
DA:1077,0
DA:1079,0
DA:1080,0
DA:1081,0
DA:1082,0
DA:1083,0
DA:1084,0
DA:1086,0
DA:1089,0
DA:1090,0
DA:1092,0
DA:1093,0
DA:1094,0
DA:1096,0
DA:1099,0
DA:1100,0
DA:1101,0
DA:1102,0
LF:477
LH:104
end_of_record
SF:/Users/greg/Work/firedart/lib/firestore/token_authenticator.dart
DA:8,1
DA:10,1
DA:11,1
DA:13,1
DA:14,3
DA:15,2
DA:18,4
LF:7
LH:7
end_of_record
SF:/Users/greg/.pub-cache/hosted/pub.dev/protobuf-2.1.0/lib/src/protobuf/mixins/well_known.dart
DA:22,0
DA:23,0
DA:34,0
DA:36,0
DA:45,0
DA:47,0
DA:48,0
DA:79,0
DA:82,0
DA:84,0
DA:85,0
DA:87,0
DA:88,0
DA:89,0
DA:91,0
DA:94,0
DA:98,0
DA:100,0
DA:101,0
DA:105,0
DA:107,0
DA:109,0
DA:111,0
DA:112,0
DA:116,0
DA:118,0
DA:119,0
DA:121,0
DA:122,0
DA:124,0
DA:125,0
DA:126,0
DA:128,0
DA:129,0
DA:131,0
DA:142,0
DA:156,1
DA:157,1
DA:158,6
DA:164,0
DA:165,0
DA:166,0
DA:167,0
DA:170,0
DA:171,0
DA:172,0
DA:175,0
DA:176,0
DA:194,0
DA:197,0
DA:199,0
DA:200,0
DA:201,0
DA:203,0
DA:204,0
DA:205,0
DA:207,0
DA:208,0
DA:209,0
DA:214,0
DA:215,0
DA:216,0
DA:217,0
DA:218,0
DA:219,0
DA:221,0
DA:222,0
DA:223,0
DA:224,0
DA:225,0
DA:226,0
DA:228,0
DA:231,0
DA:233,0
DA:236,0
DA:238,0
DA:239,0
DA:240,0
DA:243,0
DA:245,0
DA:248,0
DA:249,0
DA:253,0
DA:254,0
DA:256,0
DA:315,0
DA:318,0
DA:319,0
DA:322,0
DA:324,0
DA:327,0
DA:328,0
DA:330,0
DA:331,0
DA:333,0
DA:334,0
DA:335,0
DA:337,0
DA:338,0
DA:339,0
DA:340,0
DA:341,0
DA:345,0
DA:373,0
DA:378,0
DA:380,0
DA:381,0
DA:382,0
DA:383,0
DA:384,0
DA:385,0
DA:386,0
DA:387,0
DA:388,0
DA:389,0
DA:391,0
DA:395,0
DA:400,0
DA:401,0
DA:402,0
DA:403,0
DA:404,0
DA:405,0
DA:406,0
DA:407,0
DA:409,0
DA:410,0
DA:412,0
DA:413,0
DA:415,0
DA:416,0
DA:418,0
DA:420,0
DA:432,0
DA:435,0
DA:436,0
DA:437,0
DA:442,0
DA:445,0
DA:446,0
DA:447,0
DA:448,0
DA:449,0
DA:450,0
DA:451,0
DA:452,0
DA:453,0
DA:456,0
DA:519,0
DA:521,0
DA:524,0
DA:526,0
DA:527,0
DA:528,0
DA:529,0
DA:530,0
DA:533,0
DA:545,0
DA:547,0
DA:550,0
DA:552,0
DA:553,0
DA:554,0
DA:555,0
DA:556,0
DA:559,0
DA:571,0
DA:573,0
DA:576,0
DA:578,0
DA:579,0
DA:580,0
DA:582,0
DA:583,0
DA:584,0
DA:587,0
DA:599,0
DA:601,0
DA:604,0
DA:606,0
DA:607,0
DA:608,0
DA:610,0
DA:611,0
DA:612,0
DA:616,0
DA:628,0
DA:630,0
DA:633,0
DA:635,0
DA:636,0
DA:637,0
DA:638,0
DA:639,0
DA:642,0
DA:651,0
DA:653,0
DA:658,0
DA:660,0
DA:661,0
DA:662,0
DA:663,0
DA:664,0
DA:667,0
DA:679,0
DA:681,0
DA:684,0
DA:686,0
DA:687,0
DA:689,0
DA:700,0
DA:702,0
DA:705,0
DA:707,0
DA:708,0
DA:710,0
DA:721,0
DA:723,0
DA:726,0
DA:728,0
DA:730,0
DA:731,0
DA:732,0
DA:736,0
LF:224
LH:3
end_of_record
SF:/Users/greg/Work/firedart/lib/generated/google/protobuf/wrappers.pb.dart
DA:16,0
DA:27,0
DA:33,0
DA:35,0
DA:36,0
DA:39,0
DA:41,0
DA:45,0
DA:47,0
DA:48,0
DA:50,0
DA:51,0
DA:54,0
DA:55,0
DA:59,0
DA:61,0
DA:62,0
DA:63,0
DA:64,0
DA:65,0
DA:66,0
DA:68,0
DA:71,0
DA:72,0
DA:73,0
DA:75,0
DA:78,0
DA:79,0
DA:80,0
DA:81,0
DA:85,0
DA:96,0
DA:102,0
DA:104,0
DA:105,0
DA:108,0
DA:110,0
DA:114,0
DA:116,0
DA:117,0
DA:119,0
DA:120,0
DA:123,0
DA:124,0
DA:128,0
DA:130,0
DA:131,0
DA:132,0
DA:133,0
DA:134,0
DA:135,0
DA:137,0
DA:140,0
DA:141,0
DA:142,0
DA:144,0
DA:147,0
DA:148,0
DA:149,0
DA:150,0
DA:154,0
DA:165,0
DA:170,0
DA:172,0
DA:173,0
DA:176,0
DA:178,0
DA:182,0
DA:184,0
DA:185,0
DA:187,0
DA:188,0
DA:191,0
DA:192,0
DA:196,0
DA:198,0
DA:199,0
DA:200,0
DA:201,0
DA:202,0
DA:203,0
DA:205,0
DA:208,0
DA:209,0
DA:210,0
DA:212,0
DA:215,0
DA:216,0
DA:217,0
DA:218,0
DA:222,0
DA:233,0
DA:240,0
DA:242,0
DA:243,0
DA:246,0
DA:248,0
DA:252,0
DA:254,0
DA:255,0
DA:257,0
DA:258,0
DA:261,0
DA:262,0
DA:266,0
DA:268,0
DA:269,0
DA:270,0
DA:271,0
DA:272,0
DA:273,0
DA:275,0
DA:278,0
DA:279,0
DA:280,0
DA:282,0
DA:285,0
DA:286,0
DA:287,0
DA:288,0
DA:292,0
DA:303,0
DA:309,0
DA:311,0
DA:312,0
DA:315,0
DA:317,0
DA:321,0
DA:323,0
DA:324,0
DA:326,0
DA:327,0
DA:330,0
DA:331,0
DA:335,0
DA:337,0
DA:338,0
DA:339,0
DA:340,0
DA:341,0
DA:342,0
DA:344,0
DA:347,0
DA:348,0
DA:349,0
DA:351,0
DA:354,0
DA:355,0
DA:356,0
DA:357,0
DA:361,0
DA:372,0
DA:378,0
DA:380,0
DA:381,0
DA:384,0
DA:386,0
DA:390,0
DA:392,0
DA:393,0
DA:395,0
DA:396,0
DA:399,0
DA:400,0
DA:404,0
DA:406,0
DA:407,0
DA:408,0
DA:409,0
DA:410,0
DA:411,0
DA:413,0
DA:416,0
DA:417,0
DA:418,0
DA:420,0
DA:423,0
DA:424,0
DA:425,0
DA:426,0
DA:430,0
DA:441,0
DA:446,0
DA:448,0
DA:449,0
DA:452,0
DA:454,0
DA:458,0
DA:460,0
DA:461,0
DA:463,0
DA:464,0
DA:467,0
DA:468,0
DA:472,0
DA:474,0
DA:475,0
DA:476,0
DA:477,0
DA:478,0
DA:479,0
DA:481,0
DA:484,0
DA:485,0
DA:486,0
DA:488,0
DA:491,0
DA:492,0
DA:493,0
DA:494,0
DA:498,0
DA:509,0
DA:514,0
DA:516,0
DA:517,0
DA:520,0
DA:522,0
DA:526,0
DA:528,0
DA:529,0
DA:531,0
DA:532,0
DA:535,0
DA:536,0
DA:540,0
DA:542,0
DA:543,0
DA:544,0
DA:545,0
DA:546,0
DA:547,0
DA:549,0
DA:552,0
DA:553,0
DA:554,0
DA:556,0
DA:559,0
DA:560,0
DA:561,0
DA:562,0
DA:566,0
DA:577,0
DA:583,0
DA:585,0
DA:586,0
DA:589,0
DA:591,0
DA:595,0
DA:597,0
DA:598,0
DA:600,0
DA:601,0
DA:604,0
DA:605,0
DA:609,0
DA:611,0
DA:612,0
DA:613,0
DA:614,0
DA:615,0
DA:616,0
DA:618,0
DA:621,0
DA:622,0
DA:623,0
DA:625,0
DA:628,0
DA:629,0
DA:630,0
DA:631,0
LF:270
LH:0
end_of_record
SF:/Users/greg/Work/firedart/lib/generated/google/type/latlng.pb.dart
DA:13,3
DA:22,1
DA:28,1
DA:34,1
DA:36,2
DA:37,1
DA:41,1
DA:43,0
DA:46,0
DA:50,0
DA:52,0
DA:53,0
DA:55,0
DA:56,0
DA:59,0
DA:60,0
DA:64,0
DA:66,2
DA:67,1
DA:68,1
DA:69,0
DA:70,0
DA:71,0
DA:73,0
DA:76,1
DA:77,1
DA:78,1
DA:80,1
DA:83,0
DA:84,0
DA:85,0
DA:86,0
DA:88,1
DA:89,1
DA:90,1
DA:92,1
DA:95,0
DA:96,0
DA:97,0
DA:98,0
LF:40
LH:18
end_of_record
SF:/Users/greg/Work/firedart/lib/firestore/type_util.dart
DA:13,1
DA:15,2
DA:18,1
DA:19,2
DA:21,1
DA:22,3
DA:24,1
DA:25,2
DA:27,1
DA:28,3
DA:30,1
DA:31,2
DA:33,1
DA:34,1
DA:35,5
DA:36,2
DA:38,1
DA:39,1
DA:40,5
DA:41,2
DA:43,1
DA:44,0
DA:46,1
DA:47,3
DA:49,1
DA:50,3
DA:53,0
DA:56,1
DA:57,1
DA:58,1
DA:60,1
DA:61,1
DA:62,1
DA:63,1
DA:64,1
DA:65,1
DA:66,1
DA:67,2
DA:68,1
DA:69,3
DA:70,1
DA:71,0
DA:72,1
DA:73,1
DA:74,1
DA:75,1
DA:76,2
DA:77,1
DA:78,2
DA:79,3
DA:80,1
DA:81,1
DA:82,2
DA:83,4
DA:85,0
LF:55
LH:51
end_of_record
SF:/Users/greg/Work/firedart/lib/generated/google/protobuf/struct.pb.dart
DA:19,0
DA:30,0
DA:40,0
DA:42,0
DA:43,0
DA:46,0
DA:48,0
DA:52,0
DA:54,0
DA:55,0
DA:57,0
DA:58,0
DA:61,0
DA:62,0
DA:66,0
DA:68,0
DA:69,0
DA:70,0
DA:71,0
DA:72,0
DA:73,0
DA:75,0
DA:78,0
DA:79,0
DA:102,0
DA:113,0
DA:114,0
DA:123,0
DA:129,0
DA:134,0
DA:139,0
DA:145,0
DA:151,0
DA:153,0
DA:154,0
DA:162,0
DA:164,0
DA:167,0
DA:170,0
DA:173,0
DA:176,0
DA:179,0
DA:183,0
DA:185,0
DA:186,0
DA:188,0
DA:189,0
DA:192,0
DA:193,0
DA:197,0
DA:199,0
DA:200,0
DA:201,0
DA:202,0
DA:203,0
DA:204,0
DA:206,0
DA:209,0
DA:210,0
DA:212,0
DA:213,0
DA:214,0
DA:216,0
DA:219,0
DA:220,0
DA:221,0
DA:222,0
DA:224,0
DA:225,0
DA:226,0
DA:228,0
DA:231,0
DA:232,0
DA:233,0
DA:234,0
DA:236,0
DA:237,0
DA:238,0
DA:240,0
DA:243,0
DA:244,0
DA:245,0
DA:246,0
DA:248,0
DA:249,0
DA:250,0
DA:252,0
DA:255,0
DA:256,0
DA:257,0
DA:258,0
DA:260,0
DA:261,0
DA:262,0
DA:264,0
DA:267,0
DA:268,0
DA:269,0
DA:270,0
DA:271,0
DA:272,0
DA:274,0
DA:275,0
DA:276,0
DA:278,0
DA:281,0
DA:282,0
DA:283,0
DA:284,0
DA:285,0
DA:286,0
DA:290,0
DA:301,0
DA:308,0
DA:310,0
DA:311,0
DA:314,0
DA:316,0
DA:320,0
DA:322,0
DA:323,0
DA:325,0
DA:326,0
DA:329,0
DA:330,0
DA:334,0
DA:336,0
DA:337,0
DA:338,0
DA:339,0
DA:340,0
DA:341,0
DA:343,0
DA:346,0
DA:347,0
LF:135
LH:0
end_of_record
SF:/Users/greg/Work/firedart/lib/generated/google/protobuf/struct.pbenum.dart
DA:23,2
DA:24,1
DA:25,3
DA:27,2
LF:4
LH:4
end_of_record
SF:/Users/greg/Work/firedart/lib/generated/google/protobuf/timestamp.pb.dart
DA:16,3
DA:27,1
DA:32,1
DA:38,1
DA:40,2
DA:41,0
DA:45,0
DA:47,0
DA:50,0
DA:54,0
DA:56,0
DA:57,0
DA:59,0
DA:60,0
DA:63,0
DA:64,0
DA:68,0
DA:70,2
DA:71,1
DA:72,1
DA:73,0
DA:74,0
DA:75,0
DA:77,0
DA:80,1
DA:81,1
DA:82,1
DA:84,1
DA:87,0
DA:88,0
DA:89,0
DA:90,0
DA:92,1
DA:93,1
DA:94,1
DA:96,1
DA:99,0
DA:100,0
DA:101,0
DA:102,0
DA:107,1
DA:108,1
DA:109,1
LF:43
LH:19
end_of_record
SF:/Users/greg/Work/firedart/lib/generated/google/firestore/v1/firestore.pb.dart
DA:33,3
DA:42,2
DA:43,1
DA:48,1
DA:54,1
DA:60,1
DA:66,1
DA:68,2
DA:69,1
DA:75,1
DA:77,1
DA:80,0
DA:83,0
DA:86,0
DA:90,0
DA:92,0
DA:93,0
DA:95,0
DA:96,0
DA:99,0
DA:100,0
DA:104,0
DA:106,2
DA:107,1
DA:108,1
DA:109,0
DA:110,0
DA:111,0
DA:112,0
DA:114,0
DA:117,0
DA:118,0
DA:119,0
DA:121,0
DA:122,0
DA:123,1
DA:125,1
DA:128,0
DA:129,0
DA:130,0
DA:131,0
DA:133,0
DA:134,0
DA:135,0
DA:137,0
DA:140,0
DA:141,0
DA:142,0
DA:143,0
DA:144,0
DA:145,0
DA:147,0
DA:148,0
DA:149,0
DA:151,0
DA:154,0
DA:155,0
DA:156,0
DA:157,0
DA:159,0
DA:160,0
DA:161,0
DA:163,0
DA:166,0
DA:167,0
DA:168,0
DA:169,0
DA:170,0
DA:171,0
DA:183,3
DA:192,2
DA:193,1
DA:198,1
DA:203,1
DA:209,1
DA:214,1
DA:219,1
DA:225,1
DA:231,1
DA:237,1
DA:242,1
DA:244,2
DA:245,1
DA:256,1
DA:258,1
DA:261,1
DA:264,1
DA:267,1
DA:270,0
DA:273,0
DA:276,0
DA:279,0
DA:282,0
DA:286,0
DA:288,0
DA:289,0
DA:291,0
DA:292,0
DA:296,0
DA:297,0
DA:301,0
DA:303,2
DA:304,1
DA:305,1
DA:306,0
DA:307,0
DA:308,0
DA:309,0
DA:311,0
DA:314,0
DA:315,0
DA:316,0
DA:318,0
DA:319,0
DA:320,1
DA:322,1
DA:325,0
DA:326,0
DA:327,0
DA:328,0
DA:330,0
DA:331,0
DA:332,1
DA:334,1
DA:337,0
DA:338,0
DA:339,0
DA:340,0
DA:342,0
DA:343,0
DA:344,1
DA:346,1
DA:349,0
DA:350,0
DA:351,0
DA:352,0
DA:354,0
DA:355,0
DA:356,1
DA:358,1
DA:361,0
DA:362,0
DA:363,0
DA:364,0
DA:366,0
DA:367,0
DA:368,0
DA:370,0
DA:373,0
DA:374,0
DA:375,0
DA:376,0
DA:378,0
DA:379,0
DA:380,0
DA:382,0
DA:385,0
DA:386,0
DA:387,0
DA:388,0
DA:389,0
DA:390,0
DA:392,0
DA:393,0
DA:394,0
DA:396,0
DA:399,0
DA:400,0
DA:401,0
DA:402,0
DA:404,0
DA:405,0
DA:406,0
DA:408,0
DA:411,0
DA:412,0
DA:413,0
DA:414,0
DA:415,0
DA:416,0
DA:418,0
DA:419,0
DA:420,0
DA:422,0
DA:425,0
DA:426,0
DA:427,0
DA:428,0
DA:432,3
DA:441,1
DA:448,1
DA:453,1
DA:455,2
DA:456,0
DA:460,0
DA:462,0
DA:465,0
DA:469,1
DA:471,2
DA:472,0
DA:474,0
DA:475,0
DA:479,0
DA:480,0
DA:485,0
DA:487,2
DA:488,1
DA:489,1
DA:490,0
DA:491,0
DA:492,0
DA:493,0
DA:495,0
DA:498,1
DA:499,1
DA:501,1
DA:502,1
DA:503,0
DA:505,0
DA:508,0
DA:509,0
DA:510,0
DA:511,0
DA:515,3
DA:524,1
DA:529,1
DA:534,1
DA:539,1
DA:545,1
DA:551,1
DA:553,2
DA:554,1
DA:561,1
DA:563,1
DA:566,1
DA:569,1
DA:572,1
DA:575,0
DA:579,0
DA:581,0
DA:582,0
DA:584,0
DA:585,0
DA:589,0
DA:590,0
DA:595,0
DA:597,2
DA:598,1
DA:599,1
DA:600,0
DA:601,0
DA:602,0
DA:603,0
DA:605,0
DA:608,0
DA:609,0
DA:610,1
DA:612,1
DA:615,0
DA:616,0
DA:617,0
DA:618,0
DA:620,0
DA:621,0
DA:622,1
DA:624,1
DA:627,0
DA:628,0
DA:629,0
DA:630,0
DA:632,0
DA:633,0
DA:634,1
DA:636,1
DA:639,0
DA:640,0
DA:641,0
DA:642,0
DA:644,0
DA:645,0
DA:646,1
DA:648,1
DA:651,0
DA:652,0
DA:653,0
DA:654,0
DA:655,0
DA:656,0
DA:658,0
DA:659,0
DA:660,0
DA:662,0
DA:665,0
DA:666,0
DA:667,0
DA:668,0
DA:669,0
DA:670,0
DA:674,3
DA:683,1
DA:689,1
DA:695,1
DA:701,1
DA:707,1
DA:709,2
DA:710,1
DA:716,1
DA:718,1
DA:721,0
DA:724,0
DA:727,0
DA:731,0
DA:733,0
DA:734,0
DA:736,0
DA:737,0
DA:741,0
DA:742,0
DA:747,0
DA:749,2
DA:750,1
DA:751,1
DA:752,0
DA:753,0
DA:754,0
DA:755,0
DA:757,0
DA:760,0
DA:761,0
DA:762,1
DA:764,1
DA:767,0
DA:768,0
DA:769,0
DA:770,0
DA:771,0
DA:772,0
DA:774,0
DA:775,0
DA:776,1
DA:778,1
DA:781,0
DA:782,0
DA:783,0
DA:784,0
DA:785,0
DA:786,0
DA:788,0
DA:789,0
DA:790,0
DA:792,0
DA:795,0
DA:796,0
DA:797,0
DA:798,0
DA:799,0
DA:800,0
DA:802,0
DA:803,0
DA:804,0
DA:806,0
DA:809,0
DA:810,0
DA:811,0
DA:812,0
DA:813,0
DA:814,0
DA:818,3
DA:827,1
DA:832,1
DA:838,1
DA:840,2
DA:841,1
DA:845,1
DA:847,1
DA:850,0
DA:854,0
DA:856,0
DA:857,0
DA:859,0
DA:860,0
DA:864,0
DA:865,0
DA:870,0
DA:872,2
DA:873,1
DA:874,1
DA:875,0
DA:876,0
DA:877,0
DA:878,0
DA:880,0
DA:883,0
DA:884,0
DA:885,1
DA:887,1
DA:890,0
DA:891,0
DA:892,0
DA:893,0
DA:895,0
DA:896,0
DA:897,0
DA:899,0
DA:902,0
DA:903,0
DA:904,0
DA:905,0
DA:906,0
DA:907,0
DA:926,0
DA:935,0
DA:936,0
DA:941,0
DA:946,0
DA:952,0
DA:958,0
DA:964,0
DA:970,0
DA:972,0
DA:973,0
DA:981,0
DA:983,0
DA:986,0
DA:989,0
DA:992,0
DA:995,0
DA:998,0
DA:1002,0
DA:1004,0
DA:1005,0
DA:1007,0
DA:1008,0
DA:1012,0
DA:1013,0
DA:1018,0
DA:1020,0
DA:1021,0
DA:1022,0
DA:1023,0
DA:1024,0
DA:1025,0
DA:1026,0
DA:1028,0
DA:1031,0
DA:1032,0
DA:1033,0
DA:1035,0
DA:1036,0
DA:1037,0
DA:1039,0
DA:1042,0
DA:1043,0
DA:1044,0
DA:1045,0
DA:1047,0
DA:1048,0
DA:1050,0
DA:1051,0
DA:1052,0
DA:1054,0
DA:1057,0
DA:1058,0
DA:1059,0
DA:1060,0
DA:1061,0
DA:1062,0
DA:1064,0
DA:1065,0
DA:1066,0
DA:1068,0
DA:1071,0
DA:1072,0
DA:1073,0
DA:1074,0
DA:1076,0
DA:1077,0
DA:1078,0
DA:1080,0
DA:1083,0
DA:1084,0
DA:1085,0
DA:1086,0
DA:1087,0
DA:1088,0
DA:1090,0
DA:1091,0
DA:1092,0
DA:1094,0
DA:1097,0
DA:1098,0
DA:1099,0
DA:1100,0
DA:1101,0
DA:1102,0
DA:1114,0
DA:1123,0
DA:1124,0
DA:1130,0
DA:1135,0
DA:1141,0
DA:1147,0
DA:1149,0
DA:1150,0
DA:1156,0
DA:1158,0
DA:1161,0
DA:1164,0
DA:1167,0
DA:1171,0
DA:1173,0
DA:1174,0
DA:1176,0
DA:1177,0
DA:1181,0
DA:1182,0
DA:1187,0
DA:1189,0
DA:1190,0
DA:1191,0
DA:1192,0
DA:1193,0
DA:1194,0
DA:1195,0
DA:1197,0
DA:1200,0
DA:1201,0
DA:1202,0
DA:1204,0
DA:1205,0
DA:1206,0
DA:1208,0
DA:1211,0
DA:1212,0
DA:1213,0
DA:1214,0
DA:1215,0
DA:1216,0
DA:1218,0
DA:1219,0
DA:1220,0
DA:1222,0
DA:1225,0
DA:1226,0
DA:1227,0
DA:1228,0
DA:1230,0
DA:1231,0
DA:1232,0
DA:1234,0
DA:1237,0
DA:1238,0
DA:1239,0
DA:1240,0
DA:1242,0
DA:1243,0
DA:1244,0
DA:1246,0
DA:1249,0
DA:1250,0
DA:1251,0
DA:1252,0
DA:1253,0
DA:1254,0
DA:1258,0
DA:1267,0
DA:1272,0
DA:1278,0
DA:1280,0
DA:1281,0
DA:1285,0
DA:1287,0
DA:1290,0
DA:1294,0
DA:1296,0
DA:1297,0
DA:1299,0
DA:1300,0
DA:1304,0
DA:1305,0
DA:1310,0
DA:1312,0
DA:1313,0
DA:1314,0
DA:1315,0
DA:1316,0
DA:1317,0
DA:1318,0
DA:1320,0
DA:1323,0
DA:1324,0
DA:1325,0
DA:1327,0
DA:1330,0
DA:1331,0
DA:1332,0
DA:1333,0
DA:1335,0
DA:1336,0
DA:1337,0
DA:1339,0
DA:1342,0
DA:1343,0
DA:1344,0
DA:1345,0
DA:1346,0
DA:1347,0
DA:1351,0
DA:1360,0
DA:1366,0
DA:1368,0
DA:1369,0
DA:1372,0
DA:1374,0
DA:1378,0
DA:1380,0
DA:1381,0
DA:1383,0
DA:1384,0
DA:1388,0
DA:1389,0
DA:1394,0
DA:1396,0
DA:1397,0
DA:1398,0
DA:1399,0
DA:1400,0
DA:1401,0
DA:1402,0
DA:1404,0
DA:1407,0
DA:1408,0
DA:1409,0
DA:1411,0
DA:1414,0
DA:1415,0
DA:1416,0
DA:1417,0
DA:1421,0
DA:1430,0
DA:1435,0
DA:1442,0
DA:1448,0
DA:1450,0
DA:1451,0
DA:1456,0
DA:1458,0
DA:1461,0
DA:1464,0
DA:1468,0
DA:1470,0
DA:1471,0
DA:1473,0
DA:1474,0
DA:1477,0
DA:1478,0
DA:1482,0
DA:1484,0
DA:1485,0
DA:1486,0
DA:1487,0
DA:1488,0
DA:1489,0
DA:1490,0
DA:1492,0
DA:1495,0
DA:1496,0
DA:1497,0
DA:1499,0
DA:1502,0
DA:1503,0
DA:1504,0
DA:1505,0
DA:1507,0
DA:1508,0
DA:1510,0
DA:1511,0
DA:1512,0
DA:1514,0
DA:1517,0
DA:1518,0
DA:1519,0
DA:1520,0
DA:1524,0
DA:1533,0
DA:1540,0
DA:1546,0
DA:1548,0
DA:1549,0
DA:1553,0
DA:1555,0
DA:1558,0
DA:1562,0
DA:1564,0
DA:1565,0
DA:1567,0
DA:1568,0
DA:1571,0
DA:1572,0
DA:1576,0
DA:1578,0
DA:1579,0
DA:1580,0
DA:1581,0
DA:1582,0
DA:1583,0
DA:1584,0
DA:1586,0
DA:1589,0
DA:1590,0
DA:1592,0
DA:1593,0
DA:1594,0
DA:1596,0
DA:1599,0
DA:1600,0
DA:1601,0
DA:1602,0
DA:1603,0
DA:1604,0
DA:1608,0
DA:1617,0
DA:1622,0
DA:1628,0
DA:1630,0
DA:1631,0
DA:1635,0
DA:1637,0
DA:1640,0
DA:1644,0
DA:1646,0
DA:1647,0
DA:1649,0
DA:1650,0
DA:1653,0
DA:1654,0
DA:1658,0
DA:1660,0
DA:1661,0
DA:1662,0
DA:1663,0
DA:1664,0
DA:1665,0
DA:1666,0
DA:1668,0
DA:1671,0
DA:1672,0
DA:1673,0
DA:1675,0
DA:1678,0
DA:1679,0
DA:1680,0
DA:1681,0
DA:1683,0
DA:1684,0
DA:1685,0
DA:1687,0
DA:1690,0
DA:1691,0
DA:1692,0
DA:1693,0
DA:1718,3
DA:1727,2
DA:1728,2
DA:1729,1
DA:1734,1
DA:1740,1
DA:1746,1
DA:1752,1
DA:1758,1
DA:1760,2
DA:1761,1
DA:1768,1
DA:1770,1
DA:1773,1
DA:1776,0
DA:1779,0
DA:1782,0
DA:1786,0
DA:1788,0
DA:1789,0
DA:1791,0
DA:1792,0
DA:1795,0
DA:1796,0
DA:1800,0
DA:1802,2
DA:1803,1
DA:1804,1
DA:1805,0
DA:1806,0
DA:1807,0
DA:1808,0
DA:1810,0
DA:1813,0
DA:1814,0
DA:1815,0
DA:1817,0
DA:1818,0
DA:1819,0
DA:1821,0
DA:1822,0
DA:1823,1
DA:1825,1
DA:1828,0
DA:1829,0
DA:1830,0
DA:1831,0
DA:1833,0
DA:1834,0
DA:1835,1
DA:1837,1
DA:1840,0
DA:1841,0
DA:1842,0
DA:1843,0
DA:1844,0
DA:1845,0
DA:1847,0
DA:1848,0
DA:1849,0
DA:1851,0
DA:1854,0
DA:1855,0
DA:1856,0
DA:1857,0
DA:1859,0
DA:1860,0
DA:1861,0
DA:1863,0
DA:1866,0
DA:1867,0
DA:1868,0
DA:1869,0
DA:1870,0
DA:1871,0
DA:1873,0
DA:1874,0
DA:1875,0
DA:1877,0
DA:1880,0
DA:1881,0
DA:1882,0
DA:1883,0
DA:1884,0
DA:1885,0
DA:1889,3
DA:1898,1
DA:1904,1
DA:1910,1
DA:1916,1
DA:1922,1
DA:1924,2
DA:1925,0
DA:1931,0
DA:1933,0
DA:1936,0
DA:1939,0
DA:1942,0
DA:1946,1
DA:1948,2
DA:1949,0
DA:1951,0
DA:1952,0
DA:1955,0
DA:1956,0
DA:1960,0
DA:1962,2
DA:1963,1
DA:1964,1
DA:1965,0
DA:1966,0
DA:1967,0
DA:1968,0
DA:1970,0
DA:1973,1
DA:1974,1
DA:1975,0
DA:1977,0
DA:1980,1
DA:1981,1
DA:1982,0
DA:1983,0
DA:1984,0
DA:1985,0
DA:1987,0
DA:1988,0
DA:1989,0
DA:1991,0
DA:1994,0
DA:1995,0
DA:1996,0
DA:1997,0
DA:1999,0
DA:2000,0
DA:2001,0
DA:2003,0
DA:2006,0
DA:2007,0
DA:2008,0
DA:2009,0
DA:2010,0
DA:2011,0
DA:2013,0
DA:2014,0
DA:2015,0
DA:2017,0
DA:2020,0
DA:2021,0
DA:2022,0
DA:2023,0
DA:2034,0
DA:2043,0
DA:2044,0
DA:2049,0
DA:2055,0
DA:2060,0
DA:2065,0
DA:2071,0
DA:2073,0
DA:2074,0
DA:2081,0
DA:2083,0
DA:2086,0
DA:2089,0
DA:2092,0
DA:2095,0
DA:2099,0
DA:2101,0
DA:2102,0
DA:2104,0
DA:2105,0
DA:2109,0
DA:2110,0
DA:2115,0
DA:2117,0
DA:2118,0
DA:2119,0
DA:2120,0
DA:2121,0
DA:2122,0
DA:2123,0
DA:2125,0
DA:2128,0
DA:2129,0
DA:2130,0
DA:2132,0
DA:2133,0
DA:2134,0
DA:2136,0
DA:2139,0
DA:2140,0
DA:2141,0
DA:2142,0
DA:2144,0
DA:2145,0
DA:2146,0
DA:2148,0
DA:2151,0
DA:2152,0
DA:2153,0
DA:2154,0
DA:2155,0
DA:2156,0
DA:2158,0
DA:2159,0
DA:2160,0
DA:2162,0
DA:2165,0
DA:2166,0
DA:2167,0
DA:2168,0
DA:2170,0
DA:2171,0
DA:2172,0
DA:2174,0
DA:2177,0
DA:2178,0
DA:2179,0
DA:2180,0
DA:2182,0
DA:2183,0
DA:2184,0
DA:2186,0
DA:2189,0
DA:2190,0
DA:2191,0
DA:2192,0
DA:2196,0
DA:2205,0
DA:2212,0
DA:2217,0
DA:2219,0
DA:2220,0
DA:2224,0
DA:2226,0
DA:2229,0
DA:2233,0
DA:2235,0
DA:2236,0
DA:2238,0
DA:2239,0
DA:2243,0
DA:2244,0
DA:2249,0
DA:2251,0
DA:2252,0
DA:2253,0
DA:2254,0
DA:2255,0
DA:2256,0
DA:2257,0
DA:2259,0
DA:2262,0
DA:2263,0
DA:2265,0
DA:2266,0
DA:2267,0
DA:2269,0
DA:2272,0
DA:2273,0
DA:2274,0
DA:2275,0
DA:2279,0
DA:2288,0
DA:2293,0
DA:2298,0
DA:2305,0
DA:2311,0
DA:2320,0
DA:2322,0
DA:2323,0
DA:2330,0
DA:2332,0
DA:2335,0
DA:2338,0
DA:2341,0
DA:2344,0
DA:2348,0
DA:2350,0
DA:2351,0
DA:2353,0
DA:2354,0
DA:2357,0
DA:2358,0
DA:2362,0
DA:2364,0
DA:2365,0
DA:2366,0
DA:2367,0
DA:2368,0
DA:2369,0
DA:2370,0
DA:2372,0
DA:2375,0
DA:2376,0
DA:2377,0
DA:2379,0
DA:2382,0
DA:2383,0
DA:2384,0
DA:2385,0
DA:2387,0
DA:2388,0
DA:2389,0
DA:2391,0
DA:2394,0
DA:2395,0
DA:2396,0
DA:2397,0
DA:2399,0
DA:2400,0
DA:2402,0
DA:2403,0
DA:2404,0
DA:2406,0
DA:2409,0
DA:2410,0
DA:2411,0
DA:2412,0
DA:2414,0
DA:2415,0
DA:2419,0
DA:2428,0
DA:2433,0
DA:2439,0
DA:2446,0
DA:2452,0
DA:2454,0
DA:2455,0
DA:2461,0
DA:2463,0
DA:2466,0
DA:2469,0
DA:2472,0
DA:2476,0
DA:2478,0
DA:2479,0
DA:2481,0
DA:2482,0
DA:2485,0
DA:2486,0
DA:2490,0
DA:2492,0
DA:2493,0
DA:2494,0
DA:2495,0
DA:2496,0
DA:2497,0
DA:2498,0
DA:2500,0
DA:2503,0
DA:2504,0
DA:2505,0
DA:2507,0
DA:2510,0
DA:2511,0
DA:2512,0
DA:2513,0
DA:2515,0
DA:2516,0
DA:2517,0
DA:2519,0
DA:2522,0
DA:2523,0
DA:2524,0
DA:2525,0
DA:2527,0
DA:2528,0
DA:2530,0
DA:2531,0
DA:2532,0
DA:2534,0
DA:2537,0
DA:2538,0
DA:2539,0
DA:2540,0
DA:2541,0
DA:2542,0
DA:2554,3
DA:2563,2
DA:2564,1
DA:2569,1
DA:2575,1
DA:2581,1
DA:2590,1
DA:2592,2
DA:2593,1
DA:2599,1
DA:2601,1
DA:2604,1
DA:2607,0
DA:2610,0
DA:2614,0
DA:2616,0
DA:2617,0
DA:2619,0
DA:2620,0
DA:2623,0
DA:2624,0
DA:2628,0
DA:2630,2
DA:2631,1
DA:2632,1
DA:2633,0
DA:2634,0
DA:2635,0
DA:2636,0
DA:2638,0
DA:2641,0
DA:2642,0
DA:2643,0
DA:2645,0
DA:2646,0
DA:2647,1
DA:2649,1
DA:2652,0
DA:2653,0
DA:2654,0
DA:2655,0
DA:2657,0
DA:2658,0
DA:2659,1
DA:2661,1
DA:2664,0
DA:2665,0
DA:2666,0
DA:2667,0
DA:2668,0
DA:2669,0
DA:2671,0
DA:2672,0
DA:2673,0
DA:2675,0
DA:2678,0
DA:2679,0
DA:2680,0
DA:2681,0
DA:2683,0
DA:2684,0
DA:2706,3
DA:2715,2
DA:2716,1
DA:2722,1
DA:2728,1
DA:2734,1
DA:2740,1
DA:2746,1
DA:2748,2
DA:2749,0
DA:2756,0
DA:2758,0
DA:2761,0
DA:2764,0
DA:2767,0
DA:2770,0
DA:2774,1
DA:2776,2
DA:2777,0
DA:2779,0
DA:2780,0
DA:2783,0
DA:2784,0
DA:2788,0
DA:2790,2
DA:2791,1
DA:2792,1
DA:2793,0
DA:2794,0
DA:2795,0
DA:2796,0
DA:2798,0
DA:2801,0
DA:2802,0
DA:2803,0
DA:2805,0
DA:2806,0
DA:2807,0
DA:2809,0
DA:2812,0
DA:2813,0
DA:2814,0
DA:2815,0
DA:2816,0
DA:2817,0
DA:2819,1
DA:2820,1
DA:2821,0
DA:2823,0
DA:2826,1
DA:2827,1
DA:2828,0
DA:2829,0
DA:2830,0
DA:2831,0
DA:2833,0
DA:2834,0
DA:2835,0
DA:2837,0
DA:2840,1
DA:2841,1
DA:2842,0
DA:2843,0
DA:2844,0
DA:2845,0
DA:2847,0
DA:2848,0
DA:2849,0
DA:2851,0
DA:2854,0
DA:2855,0
DA:2856,0
DA:2857,0
DA:2858,0
DA:2859,0
DA:2861,0
DA:2862,0
DA:2863,0
DA:2865,0
DA:2868,1
DA:2869,1
DA:2870,0
DA:2871,0
DA:2872,0
DA:2873,0
DA:2877,3
DA:2886,1
DA:2891,1
DA:2893,2
DA:2894,1
DA:2897,1
DA:2899,2
DA:2903,0
DA:2905,0
DA:2906,0
DA:2908,0
DA:2909,0
DA:2913,0
DA:2914,0
DA:2919,0
DA:2921,2
DA:2922,1
DA:2923,1
DA:2924,0
DA:2925,0
DA:2926,0
DA:2927,0
DA:2929,0
DA:2932,1
DA:2933,1
DA:2944,3
DA:2953,2
DA:2954,1
DA:2959,1
DA:2965,1
DA:2967,2
DA:2968,1
DA:2972,1
DA:2974,1
DA:2977,1
DA:2981,0
DA:2983,0
DA:2984,0
DA:2986,0
DA:2987,0
DA:2990,0
DA:2991,0
DA:2995,0
DA:2997,2
DA:2998,1
DA:2999,1
DA:3000,0
DA:3001,0
DA:3002,0
DA:3003,0
DA:3005,0
DA:3008,0
DA:3009,0
DA:3010,0
DA:3012,0
DA:3013,0
DA:3014,1
DA:3016,1
DA:3019,0
DA:3020,0
DA:3021,0
DA:3022,0
DA:3024,0
DA:3025,0
DA:3026,1
DA:3028,1
DA:3031,0
DA:3032,0
DA:3033,0
DA:3034,0
DA:3035,0
DA:3036,0
DA:3056,3
DA:3065,2
DA:3066,2
DA:3067,1
DA:3073,1
DA:3079,1
DA:3085,1
DA:3091,1
DA:3096,1
DA:3102,1
DA:3104,2
DA:3105,1
DA:3113,1
DA:3115,0
DA:3118,1
DA:3121,0
DA:3124,0
DA:3127,0
DA:3130,0
DA:3134,0
DA:3136,0
DA:3137,0
DA:3139,0
DA:3140,0
DA:3143,0
DA:3144,0
DA:3148,0
DA:3150,2
DA:3151,1
DA:3152,1
DA:3153,0
DA:3154,0
DA:3155,0
DA:3157,0
DA:3160,0
DA:3161,0
DA:3162,0
DA:3164,0
DA:3165,0
DA:3166,0
DA:3168,0
DA:3169,0
DA:3170,1
DA:3172,1
DA:3175,0
DA:3176,0
DA:3177,0
DA:3178,0
DA:3179,0
DA:3180,0
DA:3182,0
DA:3183,0
DA:3184,1
DA:3186,1
DA:3189,0
DA:3190,0
DA:3191,0
DA:3192,0
DA:3193,0
DA:3194,0
DA:3196,0
DA:3197,0
DA:3198,0
DA:3200,0
DA:3203,0
DA:3204,0
DA:3205,0
DA:3206,0
DA:3208,0
DA:3209,0
DA:3210,0
DA:3212,0
DA:3215,0
DA:3216,0
DA:3217,0
DA:3218,0
DA:3220,0
DA:3221,0
DA:3222,0
DA:3224,0
DA:3227,0
DA:3228,0
DA:3229,0
DA:3230,0
DA:3232,0
DA:3233,0
DA:3234,0
DA:3236,0
DA:3239,0
DA:3240,0
DA:3241,0
DA:3242,0
DA:3243,0
DA:3244,0
DA:3248,3
DA:3257,1
DA:3266,1
DA:3272,1
DA:3278,1
DA:3284,1
DA:3290,1
DA:3292,2
DA:3293,0
DA:3300,0
DA:3302,0
DA:3305,0
DA:3308,0
DA:3311,0
DA:3314,0
DA:3318,0
DA:3320,0
DA:3321,0
DA:3323,0
DA:3324,0
DA:3327,0
DA:3328,0
DA:3332,0
DA:3334,2
DA:3335,1
DA:3336,1
DA:3337,0
DA:3338,0
DA:3339,0
DA:3340,0
DA:3342,0
DA:3345,0
DA:3346,0
DA:3347,0
DA:3349,0
DA:3352,0
DA:3353,0
DA:3354,0
DA:3355,0
DA:3357,0
DA:3358,0
DA:3360,0
DA:3361,0
DA:3362,0
DA:3364,0
DA:3367,0
DA:3368,0
DA:3369,0
DA:3370,0
DA:3371,0
DA:3372,0
DA:3374,0
DA:3375,0
DA:3376,0
DA:3378,0
DA:3381,0
DA:3382,0
DA:3383,0
DA:3384,0
DA:3386,0
DA:3387,0
DA:3388,0
DA:3390,0
DA:3393,0
DA:3394,0
DA:3395,0
DA:3396,0
DA:3397,0
DA:3398,0
DA:3402,0
DA:3411,0
DA:3416,0
DA:3422,0
DA:3427,0
DA:3429,0
DA:3430,0
DA:3435,0
DA:3437,0
DA:3440,0
DA:3443,0
DA:3447,0
DA:3449,0
DA:3450,0
DA:3452,0
DA:3453,0
DA:3457,0
DA:3458,0
DA:3463,0
DA:3465,0
DA:3466,0
DA:3467,0
DA:3468,0
DA:3469,0
DA:3470,0
DA:3471,0
DA:3473,0
DA:3476,0
DA:3477,0
DA:3478,0
DA:3480,0
DA:3483,0
DA:3484,0
DA:3485,0
DA:3486,0
DA:3488,0
DA:3489,0
DA:3490,0
DA:3492,0
DA:3495,0
DA:3496,0
DA:3497,0
DA:3498,0
DA:3500,0
DA:3501,0
DA:3502,0
DA:3504,0
DA:3507,0
DA:3508,0
DA:3509,0
DA:3510,0
DA:3514,0
DA:3523,0
DA:3528,0
DA:3533,0
DA:3535,0
DA:3536,0
DA:3540,0
DA:3542,0
DA:3545,0
DA:3549,0
DA:3551,0
DA:3552,0
DA:3554,0
DA:3555,0
DA:3559,0
DA:3560,0
DA:3565,0
DA:3567,0
DA:3568,0
DA:3569,0
DA:3570,0
DA:3571,0
DA:3572,0
DA:3573,0
DA:3575,0
DA:3578,0
DA:3579,0
DA:3581,0
DA:3582,0
DA:3583,0
DA:3585,0
DA:3588,0
DA:3589,0
DA:3590,0
DA:3591,0
DA:3595,0
DA:3604,0
DA:3609,0
DA:3616,0
DA:3625,0
DA:3627,0
DA:3628,0
DA:3633,0
DA:3635,0
DA:3638,0
DA:3641,0
DA:3645,0
DA:3647,0
DA:3648,0
DA:3650,0
DA:3651,0
DA:3654,0
DA:3655,0
DA:3659,0
DA:3661,0
DA:3662,0
DA:3663,0
DA:3664,0
DA:3665,0
DA:3666,0
DA:3667,0
DA:3669,0
DA:3672,0
DA:3673,0
DA:3674,0
DA:3676,0
DA:3679,0
DA:3680,0
DA:3681,0
DA:3682,0
DA:3684,0
DA:3685,0
DA:3687,0
DA:3688,0
DA:3692,0
DA:3701,0
DA:3708,0
DA:3715,0
DA:3717,0
DA:3718,0
DA:3722,0
DA:3724,0
DA:3727,0
DA:3731,0
DA:3733,0
DA:3734,0
DA:3736,0
DA:3737,0
DA:3740,0
DA:3741,0
DA:3745,0
DA:3747,0
DA:3748,0
DA:3749,0
DA:3750,0
DA:3751,0
DA:3752,0
DA:3753,0
DA:3755,0
DA:3758,0
DA:3759,0
DA:3761,0
DA:3762,0
LF:1674
LH:254
end_of_record
SF:/Users/greg/Work/firedart/lib/generated/google/rpc/status.pb.dart
DA:15,0
DA:24,0
DA:30,0
DA:35,0
DA:42,0
DA:44,0
DA:45,0
DA:50,0
DA:52,0
DA:55,0
DA:58,0
DA:62,0
DA:64,0
DA:65,0
DA:67,0
DA:68,0
DA:71,0
DA:72,0
DA:76,0
DA:78,0
DA:79,0
DA:80,0
DA:81,0
DA:82,0
DA:83,0
DA:85,0
DA:88,0
DA:89,0
DA:90,0
DA:92,0
DA:95,0
DA:96,0
DA:97,0
DA:98,0
DA:100,0
DA:101,0
DA:102,0
DA:104,0
DA:107,0
DA:108,0
DA:109,0
DA:110,0
DA:112,0
DA:113,0
LF:44
LH:0
end_of_record
SF:/Users/greg/Work/firedart/lib/generated/google/firestore/v1/firestore.pbenum.dart
DA:53,2
DA:54,1
DA:55,1
DA:56,2
DA:58,2
DA:59,0
LF:6
LH:5
end_of_record
SF:/Users/greg/Work/firedart/lib/generated/google/protobuf/empty.pb.dart
DA:13,3
DA:22,1
DA:24,2
DA:25,0
DA:26,1
DA:28,2
DA:29,0
DA:31,0
DA:32,0
DA:35,0
DA:36,0
DA:40,0
DA:42,2
DA:43,1
DA:44,1
DA:45,0
DA:46,0
DA:47,0
DA:49,0
LF:19
LH:8
end_of_record
SF:/Users/greg/Work/firedart/lib/generated/google/firestore/v1/query.pbenum.dart
DA:39,0
DA:40,0
DA:41,0
DA:43,2
DA:67,0
DA:68,0
DA:69,0
DA:71,2
DA:72,0
DA:159,0
DA:160,0
DA:161,0
DA:163,2
DA:164,0
DA:209,0
DA:210,0
DA:211,0
DA:213,2
DA:214,0
LF:19
LH:4
end_of_record
SF:/Users/greg/Work/firedart/lib/generated/google/firestore/v1/write.pbenum.dart
DA:34,0
DA:35,0
DA:37,0
DA:39,2
DA:41,0
LF:5
LH:1
end_of_record
SF:/Users/greg/Work/firedart/lib/generated/google/protobuf/any.pb.dart
DA:15,0
DA:26,0
DA:31,0
DA:37,0
DA:39,0
DA:40,0
DA:44,0
DA:46,0
DA:49,0
DA:53,0
DA:55,0
DA:56,0
DA:58,0
DA:59,0
DA:62,0
DA:63,0
DA:67,0
DA:69,0
DA:70,0
DA:71,0
DA:72,0
DA:73,0
DA:74,0
DA:76,0
DA:79,0
DA:80,0
DA:81,0
DA:83,0
DA:86,0
DA:87,0
DA:88,0
DA:89,0
DA:91,0
DA:92,0
DA:93,0
DA:95,0
DA:98,0
DA:99,0
DA:100,0
DA:101,0
DA:107,0
DA:109,0
DA:110,0
LF:43
LH:0
end_of_record
